commit 17b47ffd22ade33b574b52b0bb8faa4812f3af9d
Author: juanawr <9401621@alumnos.ufv.es>
Date:   Sun Dec 15 14:26:47 2024 +0100

    Adding changes to html file

commit c729ba5e99d8d9b099b32f06fc2b28d274c81c9f
Author: juanawr <9401621@alumnos.ufv.es>
Date:   Sun Dec 15 14:18:15 2024 +0100

    Changing colors in html file

commit 0eaf5dc521fb3d5be1a3cf467639a2fdfd0e45ed
Author: juanawr <9401621@alumnos.ufv.es>
Date:   Sun Dec 15 14:15:23 2024 +0100

    Adding changes to html file

commit c87bcb364478fcfdc55f9205ebcd1ce12e80634a
Author: juanawr <9401621@alumnos.ufv.es>
Date:   Sun Dec 15 14:11:44 2024 +0100

    Adding changes to html file

commit 1b259f04c5d19b200c28468f66c298d0b89fb6c6
Author: juanawr <9401621@alumnos.ufv.es>
Date:   Sun Dec 15 14:06:21 2024 +0100

    Adding changes to html file

commit 9bf4ce4a265fe3d57cc784675f3f74dd68dec661
Author: juanawr <9401621@alumnos.ufv.es>
Date:   Sun Dec 15 14:02:23 2024 +0100

    Adding content in html and images folder

commit f92d585a7f53397f40795b1e206a819164cbb383
Author: juanawr <9401621@alumnos.ufv.es>
Date:   Sun Dec 15 13:48:11 2024 +0100

    Adding changes to html and readme files

commit 2cb8927c7a79639cb7a585280218e41247d65daa
Author: juanawr <9401621@alumnos.ufv.es>
Date:   Sun Dec 15 13:33:03 2024 +0100

    Adding basic structure to html file

commit f781fff952ba9cb3fab2667d1b927b6e02f63643
Author: juanawr <9401621@alumnos.ufv.es>
Date:   Sun Dec 15 13:21:14 2024 +0100

    Initial commit
